Determining if the pthread_create exist failed with the following output:
Change Dir: /fasttmp/zhanhy41/Code/scorec_phasta/phasta/build_test/CMakeFiles/CMakeTmp

Run Build Command:"/usr/local/bin/gmake" "cmTryCompileExec1733002273/fast"
/usr/local/bin/gmake -f CMakeFiles/cmTryCompileExec1733002273.dir/build.make CMakeFiles/cmTryCompileExec1733002273.dir/build
gmake[1]: Entering directory `/fasttmp/zhanhy41/Code/scorec_phasta/phasta/build_test/CMakeFiles/CMakeTmp'
/usr/local/cmake/3.0.0/bin/cmake -E cmake_progress_report /fasttmp/zhanhy41/Code/scorec_phasta/phasta/build_test/CMakeFiles/CMakeTmp/CMakeFiles 1
Building C object CMakeFiles/cmTryCompileExec1733002273.dir/CheckSymbolExists.c.o
/usr/local/gcc/4.9.2/bin/gcc    -o CMakeFiles/cmTryCompileExec1733002273.dir/CheckSymbolExists.c.o   -c /fasttmp/zhanhy41/Code/scorec_phasta/phasta/build_test/CMakeFiles/CMakeTmp/CheckSymbolExists.c
Linking C executable cmTryCompileExec1733002273
/usr/local/cmake/3.0.0/bin/cmake -E cmake_link_script CMakeFiles/cmTryCompileExec1733002273.dir/link.txt --verbose=1
/usr/local/gcc/4.9.2/bin/gcc       CMakeFiles/cmTryCompileExec1733002273.dir/CheckSymbolExists.c.o  -o cmTryCompileExec1733002273 -rdynamic 
CMakeFiles/cmTryCompileExec1733002273.dir/CheckSymbolExists.c.o: In function `main':
CheckSymbolExists.c:(.text+0x16): undefined reference to `pthread_create'
collect2: error: ld returned 1 exit status
gmake[1]: Leaving directory `/fasttmp/zhanhy41/Code/scorec_phasta/phasta/build_test/CMakeFiles/CMakeTmp'
gmake[1]: *** [cmTryCompileExec1733002273] Error 1
gmake: *** [cmTryCompileExec1733002273/fast] Error 2

File /fasttmp/zhanhy41/Code/scorec_phasta/phasta/build_test/CMakeFiles/CMakeTmp/CheckSymbolExists.c:
/* */
#include <pthread.h>

int main(int argc, char** argv)
{
  (void)argv;
#ifndef pthread_create
  return ((int*)(&pthread_create))[argc];
#else
  (void)argc;
  return 0;
#endif
}

Determining if the function pthread_create exists in the pthreads failed with the following output:
Change Dir: /fasttmp/zhanhy41/Code/scorec_phasta/phasta/build_test/CMakeFiles/CMakeTmp

Run Build Command:"/usr/local/bin/gmake" "cmTryCompileExec65188332/fast"
/usr/local/bin/gmake -f CMakeFiles/cmTryCompileExec65188332.dir/build.make CMakeFiles/cmTryCompileExec65188332.dir/build
gmake[1]: Entering directory `/fasttmp/zhanhy41/Code/scorec_phasta/phasta/build_test/CMakeFiles/CMakeTmp'
/usr/local/cmake/3.0.0/bin/cmake -E cmake_progress_report /fasttmp/zhanhy41/Code/scorec_phasta/phasta/build_test/CMakeFiles/CMakeTmp/CMakeFiles 1
Building C object CMakeFiles/cmTryCompileExec65188332.dir/CheckFunctionExists.c.o
/usr/local/gcc/4.9.2/bin/gcc   -DCHECK_FUNCTION_EXISTS=pthread_create   -o CMakeFiles/cmTryCompileExec65188332.dir/CheckFunctionExists.c.o   -c /usr/local/cmake/3.0.0/share/cmake-3.0/Modules/CheckFunctionExists.c
Linking C executable cmTryCompileExec65188332
/usr/local/cmake/3.0.0/bin/cmake -E cmake_link_script CMakeFiles/cmTryCompileExec65188332.dir/link.txt --verbose=1
/usr/local/gcc/4.9.2/bin/gcc   -DCHECK_FUNCTION_EXISTS=pthread_create    CMakeFiles/cmTryCompileExec65188332.dir/CheckFunctionExists.c.o  -o cmTryCompileExec65188332 -rdynamic -lpthreads 
/usr/bin/ld: cannot find -lpthreads
collect2: error: ld returned 1 exit status
gmake[1]: Leaving directory `/fasttmp/zhanhy41/Code/scorec_phasta/phasta/build_test/CMakeFiles/CMakeTmp'
gmake[1]: *** [cmTryCompileExec65188332] Error 1
gmake: *** [cmTryCompileExec65188332/fast] Error 2


